#
# A fatal error has been detected by the Java Runtime Environment:
#
#  EXCEPTION_ACCESS_VIOLATION (0xc0000005) at pc=0x6b1691d1, pid=9424, tid=6356
#
# JRE version: Java(TM) SE Runtime Environment (8.0_45-b14) (build 1.8.0_45-b14)
# Java VM: Java HotSpot(TM) Client VM (25.45-b02 mixed mode windows-x86 )
# Problematic frame:
# V  [jvm.dll+0x2391d1]
#
# Failed to write core dump. Minidumps are not enabled by default on client versions of Windows
#
# If you would like to submit a bug report, please visit:
#   http://bugreport.java.com/bugreport/crash.jsp
#

---------------  T H R E A D  ---------------

Current thread (0x028a3400):  GCTaskThread [stack: 0x1db70000,0x1dbc0000] [id=6356]

siginfo: ExceptionCode=0xc0000005, reading address 0x000042bc

Registers:
EAX=0x0f44beb8, EBX=0x00000000, ECX=0x233d21c0, EDX=0x00004200
ESP=0x1dbbf9a8, EBP=0x1dbbf9bc, ESI=0x1dbbf9d4, EDI=0xffffffff
EIP=0x6b1691d1, EFLAGS=0x00010206

Top of Stack: (sp=0x1dbbf9a8)
0x1dbbf9a8:   0f44beb8 1dbbf9d4 027e2d48 1dedfa14
0x1dbbf9b8:   027e4888 1dbbfa10 6b16b6fa 0f44beb8
0x1dbbf9c8:   1dedfa14 027d2a68 00000000 6b23b044
0x1dbbf9d8:   1dbbfa00 028a6f10 6b210138 10220000
0x1dbbf9e8:   1dbbf9d4 028a2d08 1dedfa14 0d0a0000
0x1dbbf9f8:   04058000 028a2ef0 028a2fb0 027e4888
0x1dbbfa08:   028a2fb0 0f411380 1dbbfa70 6b16ca48
0x1dbbfa18:   00000000 00000000 028a3400 0286f680 

Instructions: (pc=0x6b1691d1)
0x6b1691b1:   85 fa 77 12 8b 79 04 51 8b d4 50 89 3a e8 bd 5f
0x6b1691c1:   03 00 84 c0 74 37 8b 45 08 8b 48 04 8b 11 56 50
0x6b1691d1:   8b 82 bc 00 00 00 ff d0 8b 0d cc 35 2b 6b 85 c9
0x6b1691e1:   7e 1b 80 3d b9 35 2b 6b 00 75 12 8b 56 1c 80 7a 


Register to memory mapping:

EAX=
[error occurred during error reporting (printing register info), id 0xc0000005]

Stack: [0x1db70000,0x1dbc0000],  sp=0x1dbbf9a8,  free space=318k
Native frames: (J=compiled Java code, j=interpreted, Vv=VM code, C=native code)
V  [jvm.dll+0x2391d1]
V  [jvm.dll+0x23b6fa]
V  [jvm.dll+0x23ca48]
V  [jvm.dll+0x1a6d70]
V  [jvm.dll+0x1bd6e6]
C  [msvcr100.dll+0x5c556]
C  [msvcr100.dll+0x5c600]
C  [KERNEL32.DLL+0x138f4]
C  [ntdll.dll+0x65de3]
C  [ntdll.dll+0x65dae]


---------------  P R O C E S S  ---------------

Java Threads: ( => current thread )
  0x1f629c00 JavaThread "Thread-14" [_thread_blocked, id=7904, stack(0x239f0000,0x23bf0000)]
  0x1f627c00 JavaThread "TimerQueue" daemon [_thread_blocked, id=1652, stack(0x235f0000,0x237f0000)]
  0x1f62a800 JavaThread "Event Cleaner Thread" [_thread_blocked, id=8444, stack(0x230f0000,0x232f0000)]
  0x1f62a400 JavaThread "Thread-11" [_thread_blocked, id=5976, stack(0x22eb0000,0x230b0000)]
  0x1f62b400 JavaThread "Thread-10" [_thread_blocked, id=4440, stack(0x22c70000,0x22e70000)]
  0x1f62b000 JavaThread "Timer-1" [_thread_blocked, id=4112, stack(0x22230000,0x22430000)]
  0x1f628400 JavaThread "Timer-0" [_thread_blocked, id=8280, stack(0x21ff0000,0x221f0000)]
  0x1f5e8c00 JavaThread "Thread-3" [_thread_blocked, id=1988, stack(0x21770000,0x21970000)]
  0x00f8d400 JavaThread "DestroyJavaVM" [_thread_blocked, id=6436, stack(0x02910000,0x02b10000)]
  0x1f4dd000 JavaThread "AWT-EventQueue-1" [_thread_blocked, id=3956, stack(0x213a0000,0x215a0000)]
  0x1f41d400 JavaThread "AWT-EventQueue-0" [_thread_blocked, id=5496, stack(0x20780000,0x20980000)]
  0x1f3bbc00 JavaThread "AWT-Windows" daemon [_thread_in_native, id=3384, stack(0x1fc30000,0x1fe30000)]
  0x1f3bb800 JavaThread "AWT-Shutdown" [_thread_blocked, id=9796, stack(0x1f9f0000,0x1fbf0000)]
  0x1f3b6c00 JavaThread "Java2D Disposer" daemon [_thread_blocked, id=9256, stack(0x1f7b0000,0x1f9b0000)]
  0x1de12800 JavaThread "Service Thread" daemon [_thread_blocked, id=2280, stack(0x1f000000,0x1f200000)]
  0x1de17c00 JavaThread "C1 CompilerThread0" daemon [_thread_blocked, id=7928, stack(0x1ef70000,0x1efc0000)]
  0x1de17400 JavaThread "Attach Listener" daemon [_thread_blocked, id=6488, stack(0x1ed10000,0x1ef10000)]
  0x1de16c00 JavaThread "Signal Dispatcher" daemon [_thread_blocked, id=2632, stack(0x1ead0000,0x1ecd0000)]
  0x1de16000 JavaThread "Surrogate Locker Thread (Concurrent GC)" daemon [_thread_blocked, id=4628, stack(0x1e890000,0x1ea90000)]
  0x1ddf2000 JavaThread "Finalizer" daemon [_thread_blocked, id=5624, stack(0x1e650000,0x1e850000)]
  0x1ddecc00 JavaThread "Reference Handler" daemon [_thread_blocked, id=6164, stack(0x1e410000,0x1e610000)]

Other Threads:
  0x1dde5c00 VMThread [stack: 0x1e380000,0x1e3d0000] [id=5012]
  0x1de14800 WatcherThread [stack: 0x1f240000,0x1f290000] [id=7348]

=>0x028a3400 (exited) GCTaskThread [stack: 0x1db70000,0x1dbc0000] [id=6356]

VM state:at safepoint (normal execution)

VM Mutex/Monitor currently owned by a thread:  ([mutex/lock_event])
[0x00f8bfc0] Threads_lock - owner thread: 0x1dde5c00
[0x00f8c570] Heap_lock - owner thread: 0x1f628400

Heap:
 par new generation   total 38400K, used 261K [0x05000000, 0x079a0000, 0x0d0a0000)
  eden space 34176K,   0% used [0x05000000, 0x050416b0, 0x07160000)
  from space 4224K,   0% used [0x07160000, 0x07160000, 0x07580000)
  to   space 4224K,   0% used [0x07580000, 0x07580000, 0x079a0000)
 concurrent mark-sweep generation total 85100K, used 50732K [0x0d0a0000, 0x123bb000, 0x1d200000)
 Metaspace       used 11620K, capacity 11858K, committed 12032K, reserved 12672K

Card table byte_map: [0x1d200000,0x1d2d0000] byte_map_base: 0x1d1d8000

Marking Bits: (CMSBitMap*) 0x028a2ef0
 Bits: [0x1d360000, 0x1db6b000)

Mod Union Table: (CMSBitMap*) 0x028a2f50
 Bits: [0x028d0000, 0x028e0160)

Polling page: 0x00f70000

CodeCache: size=32768Kb used=2559Kb max_used=2559Kb free=30208Kb
 bounds [0x02b10000, 0x02d98000, 0x04b10000]
 total_blobs=1379 nmethods=1135 adapters=174
 compilation: enabled

Compilation events (10 events):
Event: 3601.104 Thread 0x1de17c00 1143             sun.security.ssl.CipherSuite::compareTo (10 bytes)
Event: 3601.104 Thread 0x1de17c00 nmethod 1143 0x02d8d108 code [0x02d8d200, 0x02d8d290]
Event: 3601.120 Thread 0x1de17c00 1144             sun.security.ssl.SSLAlgorithmConstraints$BasicDisabledAlgConstraints::decomposes (564 bytes)
Event: 3601.121 Thread 0x1de17c00 nmethod 1144 0x02d8d308 code [0x02d8d770, 0x02d8e24c]
Event: 3601.144 Thread 0x1de17c00 1145             sun.security.rsa.RSAPadding::unpadV15 (175 bytes)
Event: 3601.145 Thread 0x1de17c00 nmethod 1145 0x02d8ebc8 code [0x02d8ed00, 0x02d8f134]
Event: 3601.586 Thread 0x1de17c00 1146             sun.security.ssl.SSLContextImpl::getApplicableCipherSuiteList (324 bytes)
Event: 3601.588 Thread 0x1de17c00 nmethod 1146 0x02d8f388 code [0x02d8f540, 0x02d8fa08]
Event: 3601.623 Thread 0x1de17c00 1147             com.sun.crypto.provider.GHASH::update (60 bytes)
Event: 3601.623 Thread 0x1de17c00 nmethod 1147 0x02d900c8 code [0x02d901f0, 0x02d903e4]

GC Heap History (10 events):
Event: 2411.275 GC heap after
Heap after GC invocations=31 (full 22):
 par new generation   total 38400K, used 0K [0x05000000, 0x079a0000, 0x0d0a0000)
  eden space 34176K,   0% used [0x05000000, 0x05000000, 0x07160000)
  from space 4224K,   0% used [0x07160000, 0x07160000, 0x07580000)
  to   space 4224K,   0% used [0x07580000, 0x07580000, 0x079a0000)
 concurrent mark-sweep generation total 85100K, used 50541K [0x0d0a0000, 0x123bb000, 0x1d200000)
 Metaspace       used 11620K, capacity 11858K, committed 12032K, reserved 12672K
}
Event: 2711.080 GC heap before
{Heap before GC invocations=31 (full 23):
 par new generation   total 38400K, used 261K [0x05000000, 0x079a0000, 0x0d0a0000)
  eden space 34176K,   0% used [0x05000000, 0x050416b0, 0x07160000)
  from space 4224K,   0% used [0x07160000, 0x07160000, 0x07580000)
  to   space 4224K,   0% used [0x07580000, 0x07580000, 0x079a0000)
 concurrent mark-sweep generation total 85100K, used 50541K [0x0d0a0000, 0x123bb000, 0x1d200000)
 Metaspace       used 11620K, capacity 11858K, committed 12032K, reserved 12672K
Event: 2711.231 GC heap after
Heap after GC invocations=32 (full 24):
 par new generation   total 38400K, used 0K [0x05000000, 0x079a0000, 0x0d0a0000)
  eden space 34176K,   0% used [0x05000000, 0x05000000, 0x07160000)
  from space 4224K,   0% used [0x07160000, 0x07160000, 0x07580000)
  to   space 4224K,   0% used [0x07580000, 0x07580000, 0x079a0000)
 concurrent mark-sweep generation total 85100K, used 50541K [0x0d0a0000, 0x123bb000, 0x1d200000)
 Metaspace       used 11620K, capacity 11858K, committed 12032K, reserved 12672K
}
Event: 3011.080 GC heap before
{Heap before GC invocations=32 (full 25):
 par new generation   total 38400K, used 261K [0x05000000, 0x079a0000, 0x0d0a0000)
  eden space 34176K,   0% used [0x05000000, 0x050416b0, 0x07160000)
  from space 4224K,   0% used [0x07160000, 0x07160000, 0x07580000)
  to   space 4224K,   0% used [0x07580000, 0x07580000, 0x079a0000)
 concurrent mark-sweep generation total 85100K, used 50541K [0x0d0a0000, 0x123bb000, 0x1d200000)
 Metaspace       used 11620K, capacity 11858K, committed 12032K, reserved 12672K
Event: 3011.276 GC heap after
Heap after GC invocations=33 (full 26):
 par new generation   total 38400K, used 0K [0x05000000, 0x079a0000, 0x0d0a0000)
  eden space 34176K,   0% used [0x05000000, 0x05000000, 0x07160000)
  from space 4224K,   0% used [0x07160000, 0x07160000, 0x07580000)
  to   space 4224K,   0% used [0x07580000, 0x07580000, 0x079a0000)
 concurrent mark-sweep generation total 85100K, used 50541K [0x0d0a0000, 0x123bb000, 0x1d200000)
 Metaspace       used 11620K, capacity 11858K, committed 12032K, reserved 12672K
}
Event: 3311.080 GC heap before
{Heap before GC invocations=33 (full 26):
 par new generation   total 38400K, used 261K [0x05000000, 0x079a0000, 0x0d0a0000)
  eden space 34176K,   0% used [0x05000000, 0x050416b0, 0x07160000)
  from space 4224K,   0% used [0x07160000, 0x07160000, 0x07580000)
  to   space 4224K,   0% used [0x07580000, 0x07580000, 0x079a0000)
 concurrent mark-sweep generation total 85100K, used 50541K [0x0d0a0000, 0x123bb000, 0x1d200000)
 Metaspace       used 11620K, capacity 11858K, committed 12032K, reserved 12672K
Event: 3311.219 GC heap after
Heap after GC invocations=34 (full 27):
 par new generation   total 38400K, used 0K [0x05000000, 0x079a0000, 0x0d0a0000)
  eden space 34176K,   0% used [0x05000000, 0x05000000, 0x07160000)
  from space 4224K,   0% used [0x07160000, 0x07160000, 0x07580000)
  to   space 4224K,   0% used [0x07580000, 0x07580000, 0x079a0000)
 concurrent mark-sweep generation total 85100K, used 50541K [0x0d0a0000, 0x123bb000, 0x1d200000)
 Metaspace       used 11620K, capacity 11858K, committed 12032K, reserved 12672K
}
Event: 3611.079 GC heap before
{Heap before GC invocations=34 (full 28):
 par new generation   total 38400K, used 2176K [0x05000000, 0x079a0000, 0x0d0a0000)
  eden space 34176K,   6% used [0x05000000, 0x05220338, 0x07160000)
  from space 4224K,   0% used [0x07160000, 0x07160000, 0x07580000)
  to   space 4224K,   0% used [0x07580000, 0x07580000, 0x079a0000)
 concurrent mark-sweep generation total 85100K, used 50535K [0x0d0a0000, 0x123bb000, 0x1d200000)
 Metaspace       used 11620K, capacity 11858K, committed 12032K, reserved 12672K
Event: 3611.250 GC heap after
Heap after GC invocations=35 (full 29):
 par new generation   total 38400K, used 0K [0x05000000, 0x079a0000, 0x0d0a0000)
  eden space 34176K,   0% used [0x05000000, 0x05000000, 0x07160000)
  from space 4224K,   0% used [0x07160000, 0x07160000, 0x07580000)
  to   space 4224K,   0% used [0x07580000, 0x07580000, 0x079a0000)
 concurrent mark-sweep generation total 85100K, used 50732K [0x0d0a0000, 0x123bb000, 0x1d200000)
 Metaspace       used 11620K, capacity 11858K, committed 12032K, reserved 12672K
}
Event: 3911.080 GC heap before
{Heap before GC invocations=35 (full 30):
 par new generation   total 38400K, used 261K [0x05000000, 0x079a0000, 0x0d0a0000)
  eden space 34176K,   0% used [0x05000000, 0x050416b0, 0x07160000)
  from space 4224K,   0% used [0x07160000, 0x07160000, 0x07580000)
  to   space 4224K,   0% used [0x07580000, 0x07580000, 0x079a0000)
 concurrent mark-sweep generation total 85100K, used 50732K [0x0d0a0000, 0x123bb000, 0x1d200000)
 Metaspace       used 11620K, capacity 11858K, committed 12032K, reserved 12672K

Deoptimization events (0 events):
No events

Internal exceptions (10 events):
Event: 2.372 Thread 0x1f629000 Exception <a 'java/io/IOException'> (0x05269de8) thrown at [C:\re\workspace\8-2-build-windows-i586-cygwin\jdk8u45\3457\hotspot\src\share\vm\prims\jni.cpp, line 709]
Event: 2.372 Thread 0x1f629000 Exception <a 'java/io/IOException'> (0x0526a598) thrown at [C:\re\workspace\8-2-build-windows-i586-cygwin\jdk8u45\3457\hotspot\src\share\vm\prims\jni.cpp, line 709]
Event: 2.372 Thread 0x1f629000 Exception <a 'java/io/IOException'> (0x0526a798) thrown at [C:\re\workspace\8-2-build-windows-i586-cygwin\jdk8u45\3457\hotspot\src\share\vm\prims\jni.cpp, line 709]
Event: 2.372 Thread 0x1f629000 Exception <a 'java/io/IOException'> (0x0526a998) thrown at [C:\re\workspace\8-2-build-windows-i586-cygwin\jdk8u45\3457\hotspot\src\share\vm\prims\jni.cpp, line 709]
Event: 2.372 Thread 0x1f629000 Exception <a 'java/io/IOException'> (0x0526ab98) thrown at [C:\re\workspace\8-2-build-windows-i586-cygwin\jdk8u45\3457\hotspot\src\share\vm\prims\jni.cpp, line 709]
Event: 3.575 Thread 0x1f44fc00 Exception <a 'java/net/UnknownHostException': lobby25.runescape.com> (0x05376590) thrown at [C:\re\workspace\8-2-build-windows-i586-cygwin\jdk8u45\3457\hotspot\src\share\vm\prims\jni.cpp, line 735]
Event: 3.691 Thread 0x1f44fc00 Exception <a 'java/net/UnknownHostException': lobby26.runescape.com> (0x05376b08) thrown at [C:\re\workspace\8-2-build-windows-i586-cygwin\jdk8u45\3457\hotspot\src\share\vm\prims\jni.cpp, line 735]
Event: 3.710 Thread 0x1f44fc00 Exception <a 'java/net/UnknownHostException': lobby27.runescape.com> (0x05377010) thrown at [C:\re\workspace\8-2-build-windows-i586-cygwin\jdk8u45\3457\hotspot\src\share\vm\prims\jni.cpp, line 735]
Event: 3.882 Thread 0x1f44fc00 Exception <a 'java/net/UnknownHostException': lobby28.runescape.com> (0x05377508) thrown at [C:\re\workspace\8-2-build-windows-i586-cygwin\jdk8u45\3457\hotspot\src\share\vm\prims\jni.cpp, line 735]
Event: 3.911 Thread 0x1f44fc00 Exception <a 'java/net/UnknownHostException': lobby29.runescape.com> (0x05377a18) thrown at [C:\re\workspace\8-2-build-windows-i586-cygwin\jdk8u45\3457\hotspot\src\share\vm\prims\jni.cpp, line 735]

Events (10 events):
Event: 3601.227 Executing VM operation: CMS_Final_Remark done
Event: 3601.622 Thread 0x1f628800 Thread added: 0x1f628800
Event: 3601.622 Executing VM operation: RevokeBias
Event: 3601.622 Executing VM operation: RevokeBias done
Event: 3601.622 Thread 0x1f628800 Thread exited: 0x1f628800
Event: 3611.079 Executing VM operation: GenCollectFull
Event: 3611.250 Executing VM operation: GenCollectFull done
Event: 3613.079 Executing VM operation: CMS_Initial_Mark
Event: 3613.080 Executing VM operation: CMS_Initial_Mark done
Event: 3911.079 Executing VM operation: GenCollectFull


Dynamic libraries:
0x00840000 - 0x00873000 	C:\Program Files (x86)\Java\jre1.8.0_45\bin\java.exe
0x771d0000 - 0x7734b000 	C:\WINDOWS\SYSTEM32\ntdll.dll
0x768f0000 - 0x769d0000 	C:\WINDOWS\SYSTEM32\KERNEL32.DLL
0x76e30000 - 0x76fae000 	C:\WINDOWS\SYSTEM32\KERNELBASE.dll
0x6d650000 - 0x6d6e2000 	C:\WINDOWS\system32\apphelp.dll
0x75240000 - 0x752bb000 	C:\WINDOWS\SYSTEM32\ADVAPI32.dll
0x76aa0000 - 0x76b5e000 	C:\WINDOWS\SYSTEM32\msvcrt.dll
0x77050000 - 0x77094000 	C:\WINDOWS\SYSTEM32\sechost.dll
0x767d0000 - 0x7687d000 	C:\WINDOWS\SYSTEM32\RPCRT4.dll
0x73e20000 - 0x73e3e000 	C:\WINDOWS\SYSTEM32\SspiCli.dll
0x73e10000 - 0x73e1a000 	C:\WINDOWS\SYSTEM32\CRYPTBASE.dll
0x766f0000 - 0x76748000 	C:\WINDOWS\SYSTEM32\bcryptPrimitives.dll
0x75bf0000 - 0x75d37000 	C:\WINDOWS\SYSTEM32\USER32.dll
0x76280000 - 0x763cf000 	C:\WINDOWS\SYSTEM32\GDI32.dll
0x6dcf0000 - 0x6deff000 	C:\WINDOWS\WinSxS\x86_microsoft.windows.common-controls_6595b64144ccf1df_6.0.10586.0_none_d3c2e4e965da4528\COMCTL32.dll
0x763d0000 - 0x7658d000 	C:\WINDOWS\SYSTEM32\combase.dll
0x76e00000 - 0x76e2b000 	C:\WINDOWS\SYSTEM32\IMM32.DLL
0x62bd0000 - 0x62c8f000 	C:\Program Files (x86)\Java\jre1.8.0_45\bin\msvcr100.dll
0x6af30000 - 0x6b2f0000 	C:\Program Files (x86)\Java\jre1.8.0_45\bin\client\jvm.dll
0x76680000 - 0x76686000 	C:\WINDOWS\SYSTEM32\PSAPI.DLL
0x6d9c0000 - 0x6d9c8000 	C:\WINDOWS\SYSTEM32\WSOCK32.dll
0x6d720000 - 0x6d744000 	C:\WINDOWS\SYSTEM32\WINMM.dll
0x73e00000 - 0x73e08000 	C:\WINDOWS\SYSTEM32\VERSION.dll
0x75420000 - 0x7547f000 	C:\WINDOWS\SYSTEM32\WS2_32.dll
0x6d6f0000 - 0x6d713000 	C:\WINDOWS\SYSTEM32\WINMMBASE.dll
0x770a0000 - 0x770d7000 	C:\WINDOWS\SYSTEM32\cfgmgr32.dll
0x6af20000 - 0x6af2c000 	C:\Program Files (x86)\Java\jre1.8.0_45\bin\verify.dll
0x6aef0000 - 0x6af11000 	C:\Program Files (x86)\Java\jre1.8.0_45\bin\java.dll
0x6aed0000 - 0x6aee3000 	C:\Program Files (x86)\Java\jre1.8.0_45\bin\zip.dll
0x73e40000 - 0x7523e000 	C:\WINDOWS\SYSTEM32\SHELL32.dll
0x756f0000 - 0x75bea000 	C:\WINDOWS\SYSTEM32\windows.storage.dll
0x76690000 - 0x766d5000 	C:\WINDOWS\SYSTEM32\shlwapi.dll
0x76670000 - 0x7667c000 	C:\WINDOWS\SYSTEM32\kernel.appcore.dll
0x761f0000 - 0x7627d000 	C:\WINDOWS\SYSTEM32\shcore.dll
0x75490000 - 0x754d4000 	C:\WINDOWS\SYSTEM32\powrprof.dll
0x75480000 - 0x7548f000 	C:\WINDOWS\SYSTEM32\profapi.dll
0x60f70000 - 0x610b5000 	C:\Program Files (x86)\Java\jre1.8.0_45\bin\awt.dll
0x76fb0000 - 0x77042000 	C:\WINDOWS\SYSTEM32\OLEAUT32.dll
0x73c60000 - 0x73cd5000 	C:\WINDOWS\system32\uxtheme.dll
0x76b70000 - 0x76c8f000 	C:\WINDOWS\SYSTEM32\MSCTF.dll
0x72870000 - 0x7288d000 	C:\WINDOWS\system32\dwmapi.dll
0x770e0000 - 0x771cb000 	C:\WINDOWS\SYSTEM32\ole32.dll
0x6aeb0000 - 0x6aec5000 	C:\Program Files (x86)\Java\jre1.8.0_45\bin\net.dll
0x73790000 - 0x737df000 	C:\WINDOWS\system32\mswsock.dll
0x6aea0000 - 0x6aeaf000 	C:\Program Files (x86)\Java\jre1.8.0_45\bin\nio.dll
0x73880000 - 0x73892000 	C:\WINDOWS\system32\napinsp.dll
0x73410000 - 0x73426000 	C:\WINDOWS\system32\pnrpnsp.dll
0x733f0000 - 0x73404000 	C:\WINDOWS\system32\NLAapi.dll
0x72650000 - 0x726d4000 	C:\WINDOWS\SYSTEM32\DNSAPI.dll
0x766e0000 - 0x766e7000 	C:\WINDOWS\SYSTEM32\NSI.dll
0x733e0000 - 0x733eb000 	C:\WINDOWS\System32\winrnr.dll
0x72600000 - 0x72621000 	C:\Program Files (x86)\Bonjour\mdnsNSP.dll
0x73760000 - 0x7378f000 	C:\WINDOWS\SYSTEM32\Iphlpapi.DLL
0x725f0000 - 0x725f8000 	C:\Windows\System32\rasadhlp.dll
0x72150000 - 0x72197000 	C:\WINDOWS\System32\fwpuclnt.dll
0x73d70000 - 0x73d8b000 	C:\WINDOWS\SYSTEM32\bcrypt.dll
0x65ff0000 - 0x65ffa000 	C:\Program Files (x86)\Java\jre1.8.0_45\bin\management.dll
0x73990000 - 0x739a3000 	C:\WINDOWS\SYSTEM32\dhcpcsvc6.DLL
0x73970000 - 0x73984000 	C:\WINDOWS\SYSTEM32\dhcpcsvc.DLL
0x6ae50000 - 0x6ae70000 	C:\Program Files (x86)\Java\jre1.8.0_45\bin\sunec.dll
0x73a60000 - 0x73a73000 	C:\WINDOWS\SYSTEM32\CRYPTSP.dll
0x73a30000 - 0x73a5f000 	C:\WINDOWS\system32\rsaenh.dll
0x67740000 - 0x67759000 	C:\WINDOWS\SYSTEM32\USERENV.dll
0x65fb0000 - 0x65fe9000 	C:\Program Files (x86)\Java\jre1.8.0_45\bin\fontmanager.dll
0x6e570000 - 0x6e602000 	C:\WINDOWS\WinSxS\x86_microsoft.windows.common-controls_6595b64144ccf1df_5.82.10586.0_none_811bc0006c44242b\comctl32.dll
0x65f80000 - 0x65fb0000 	C:\Program Files (x86)\Java\jre1.8.0_45\bin\t2k.dll
0x754e0000 - 0x75564000 	C:\WINDOWS\SYSTEM32\clbcatq.dll
0x6d4a0000 - 0x6d613000 	C:\WINDOWS\SYSTEM32\WindowsCodecs.dll
0x6a0a0000 - 0x6a0e1000 	C:\WINDOWS\system32\dataexchange.dll
0x675f0000 - 0x67697000 	C:\WINDOWS\system32\dcomp.dll
0x6a2e0000 - 0x6a4fa000 	C:\WINDOWS\system32\d3d11.dll
0x6cfc0000 - 0x6d042000 	C:\WINDOWS\system32\dxgi.dll
0x6dbb0000 - 0x6dc7d000 	C:\WINDOWS\system32\twinapi.appcore.dll
0x6e8c0000 - 0x6e9ff000 	C:\WINDOWS\SYSTEM32\dbghelp.dll

VM Arguments:
jvm_args: -Xmx386m -Xss2m -Dsun.java2d.noddraw=true -XX:CompileThreshold=1500 -Xincgc -XX:+UseConcMarkSweepGC -XX:+UseParNewGC -Xbootclasspath/p:dependancies\xboot840.jar 
java_command: org.tribot.TRiBot SID53035-P0IbpNfPWDubLxkwULclClSDDNr2EQZuWCONuyio1QTaDsEUVx MEM386 PROXY_HOSTMTA0LjIwMy4yMzcuMTEy PROXY_PORTNTk1MzE= PROXY_USERNAMEbGFrZWJhbms3OQ== PROXY_PASSWORDc3RvcGNvcm4yNw== OLDSCHOOL
java_class_path (initial): C:\Program Files (x86)\Java\jre1.8.0_45\lib\tools.jar;C:\Users\Jamie\AppData\Roaming\.tribot\bin;C:\Users\Jamie\AppData\Roaming\.tribot\dependancies\substance.jar;C:\Users\Jamie\AppData\Roaming\.tribot\dependancies\trident.jar;C:\Users\Jamie\AppData\Local\Temp\tribot_a17ddfd71d.jar
Launcher Type: SUN_STANDARD

Environment Variables:
PATH=C:\ProgramData\Oracle\Java\javapath;C:\Program Files (x86)\Intel\iCLS Client\;C:\Program Files\Intel\iCLS Client\;C:\Windows\system32;C:\Windows;C:\Windows\System32\Wbem;C:\Windows\System32\WindowsPowerShell\v1.0\;C:\Program Files\Intel\Intel(R) Management Engine Components\DAL;C:\Program Files\Intel\Intel(R) Management Engine Components\IPT;C:\Program Files (x86)\Intel\Intel(R) Management Engine Components\DAL;C:\Program Files (x86)\Intel\Intel(R) Management Engine Components\IPT;C:\Program Files (x86)\Intel\OpenCL SDK\3.0\bin\x86;C:\Program Files (x86)\Intel\OpenCL SDK\3.0\bin\x64;C:\Program Files (x86)\NVIDIA Corporation\PhysX\Common;C:\WINDOWS\system32;C:\WINDOWS;C:\WINDOWS\System32\Wbem;C:\WINDOWS\System32\WindowsPowerShell\v1.0\;C:\Program Files (x86)\Skype\Phone\;
USERNAME=Jamie
OS=Windows_NT
PROCESSOR_IDENTIFIER=Intel64 Family 6 Model 60 Stepping 3, GenuineIntel



---------------  S Y S T E M  ---------------

OS: Windows 10.0 , 64 bit Build 10586 (10.0.10586.0)

CPU:total 8 (4 cores per cpu, 2 threads per core) family 6 model 60 stepping 3, cmov, cx8, fxsr, mmx, sse, sse2, sse3, ssse3, sse4.1, sse4.2, popcnt, avx, avx2, aes, clmul, erms, lzcnt, ht, tsc, tscinvbit, bmi1, bmi2

Memory: 4k page, physical 8273880k(4780596k free), swap 9584600k(5179508k free)

vm_info: Java HotSpot(TM) Client VM (25.45-b02) for windows-x86 JRE (1.8.0_45-b14), built on Apr 10 2015 10:46:40 by "java_re" with MS VC++ 10.0 (VS2010)

time: Thu Jul 14 19:39:06 2016
elapsed time: 3911 seconds (0d 1h 5m 11s)

